<?xml version="1.0" encoding="UTF-8"?>
<!-- Generated by org.testng.reporters.JUnitReportReporter -->
<testsuite skipped="0" hostname="DESKTOP-O4F1P9N" name="testingNg.TestApp" tests="6" failures="0" timestamp="24 Nov 2016 10:02:03 GMT" time="133.095" errors="0">
  <testcase name="test2" time="11.116" classname="testingNg.TestApp"/>
  <testcase name="test6" time="31.077" classname="testingNg.TestApp"/>
  <testcase name="test1" time="12.130" classname="testingNg.TestApp"/>
  <testcase name="test3" time="16.419" classname="testingNg.TestApp"/>
  <testcase name="test4" time="25.381" classname="testingNg.TestApp"/>
  <testcase name="test5" time="36.972" classname="testingNg.TestApp"/>
</testsuite> <!-- testingNg.TestApp -->
