<?xml version="1.0" encoding="UTF-8"?>
<!-- Generated by org.testng.reporters.JUnitReportReporter -->
<testsuite skipped="0" hostname="DESKTOP-O4F1P9N" name="testingNg.TestApplogin2" tests="10" failures="0" timestamp="25 Nov 2016 11:25:04 GMT" time="291.444" errors="0">
  <testcase name="test3" time="11.282" classname="testingNg.TestApplogin2"/>
  <testcase name="test5" time="23.478" classname="testingNg.TestApplogin2"/>
  <testcase name="test6" time="73.799" classname="testingNg.TestApplogin2"/>
  <testcase name="test2" time="15.229" classname="testingNg.TestApplogin2"/>
  <testcase name="test4" time="15.520" classname="testingNg.TestApplogin2"/>
  <testcase name="test8" time="41.595" classname="testingNg.TestApplogin2"/>
  <testcase name="test10" time="10.575" classname="testingNg.TestApplogin2"/>
  <testcase name="test9" time="34.535" classname="testingNg.TestApplogin2"/>
  <testcase name="test1" time="21.682" classname="testingNg.TestApplogin2"/>
  <testcase name="test7" time="43.749" classname="testingNg.TestApplogin2"/>
</testsuite> <!-- testingNg.TestApplogin2 -->
